#
# There is insufficient memory for the Java Runtime Environment to continue.
# Native memory allocation (malloc) failed to allocate 146736 bytes for Chunk::new
# Possible reasons:
#   The system is out of physical RAM or swap space
#   In 32 bit mode, the process size limit was hit
# Possible solutions:
#   Reduce memory load on the system
#   Increase physical memory or swap space
#   Check if swap backing store is full
#   Use 64 bit Java on a 64 bit OS
#   Decrease Java heap size (-Xmx/-Xms)
#   Decrease number of Java threads
#   Decrease Java thread stack sizes (-Xss)
#   Set larger code cache with -XX:ReservedCodeCacheSize=
# This output file may be truncated or incomplete.
#
#  Out of Memory Error (allocation.cpp:328), pid=14804, tid=15620
#
# JRE version: 7.0_25-b17
# Java VM: Java HotSpot(TM) 64-Bit Server VM (23.25-b01 mixed mode windows-amd64 compressed oops)
# Failed to write core dump. Minidumps are not enabled by default on client versions of Windows
#

---------------  T H R E A D  ---------------

Current thread (0x0000000001981800):  JavaThread "C2 CompilerThread0" daemon [_thread_in_native, id=15620, stack(0x0000000009ee0000,0x0000000009fe0000)]

Stack: [0x0000000009ee0000,0x0000000009fe0000]

Current CompileTask:
C2:   4044  213   !         com.android.dx.rop.type.Type::intern (319 bytes)


---------------  P R O C E S S  ---------------

Java Threads: ( => current thread )
  0x000000000a497000 JavaThread "pool-1-thread-4" [_thread_in_Java, id=11448, stack(0x000000000aae0000,0x000000000abe0000)]
  0x000000000a4b3800 JavaThread "pool-1-thread-3" [_thread_in_Java, id=9280, stack(0x000000000a9e0000,0x000000000aae0000)]
  0x000000000a4b2800 JavaThread "pool-1-thread-2" [_thread_in_Java, id=9832, stack(0x000000000a8e0000,0x000000000a9e0000)]
  0x000000000a395800 JavaThread "pool-2-thread-1" [_thread_blocked, id=5548, stack(0x000000000a7e0000,0x000000000a8e0000)]
  0x000000000a395000 JavaThread "pool-1-thread-1" [_thread_in_Java, id=2828, stack(0x000000000a6e0000,0x000000000a7e0000)]
  0x0000000001997800 JavaThread "Service Thread" daemon [_thread_blocked, id=812, stack(0x000000000a0e0000,0x000000000a1e0000)]
  0x0000000001985800 JavaThread "C2 CompilerThread1" daemon [_thread_in_native, id=11100, stack(0x0000000009fe0000,0x000000000a0e0000)]
=>0x0000000001981800 JavaThread "C2 CompilerThread0" daemon [_thread_in_native, id=15620, stack(0x0000000009ee0000,0x0000000009fe0000)]
  0x0000000001980800 JavaThread "Attach Listener" daemon [_thread_blocked, id=3176, stack(0x0000000009de0000,0x0000000009ee0000)]
  0x000000000197d800 JavaThread "Signal Dispatcher" daemon [_thread_blocked, id=5204, stack(0x0000000009ce0000,0x0000000009de0000)]
  0x0000000001918800 JavaThread "Finalizer" daemon [_thread_blocked, id=7904, stack(0x0000000009be0000,0x0000000009ce0000)]
  0x000000000190f800 JavaThread "Reference Handler" daemon [_thread_blocked, id=13420, stack(0x0000000009ae0000,0x0000000009be0000)]
  0x0000000000fb0800 JavaThread "main" [_thread_in_Java, id=12380, stack(0x0000000000df0000,0x0000000000ef0000)]

Other Threads:
  0x0000000001907000 VMThread [stack: 0x00000000099e0000,0x0000000009ae0000] [id=5384]
  0x00000000019a3000 WatcherThread [stack: 0x000000000a1e0000,0x000000000a2e0000] [id=12032]

VM state:not at safepoint (normal execution)

VM Mutex/Monitor currently owned by a thread: None

Heap
 PSYoungGen      total 28096K, used 10240K [0x00000000eaab0000, 0x00000000ee190000, 0x0000000100000000)
  eden space 24128K, 26% used [0x00000000eaab0000,0x00000000eb0d7c28,0x00000000ec240000)
  from space 3968K, 99% used [0x00000000ec240000,0x00000000ec6184b0,0x00000000ec620000)
  to   space 3968K, 0% used [0x00000000eddb0000,0x00000000eddb0000,0x00000000ee190000)
 ParOldGen       total 64192K, used 1761K [0x00000000c0000000, 0x00000000c3eb0000, 0x00000000eaab0000)
  object space 64192K, 2% used [0x00000000c0000000,0x00000000c01b8790,0x00000000c3eb0000)
 PSPermGen       total 21248K, used 5878K [0x00000000bae00000, 0x00000000bc2c0000, 0x00000000c0000000)
  object space 21248K, 27% used [0x00000000bae00000,0x00000000bb3bd840,0x00000000bc2c0000)

Card table byte_map: [0x00000000010b0000,0x00000000012e0000] byte_map_base: 0x0000000000ad9000

Polling page: 0x0000000000890000

Code Cache  [0x0000000003400000, 0x0000000003670000, 0x0000000006400000)
 total_blobs=447 nmethods=212 adapters=186 free_code_cache=48296Kb largest_free_block=49427392

Compilation events (10 events):
Event: 4.036 Thread 0x0000000001981800 nmethod 206 0x00000000034cc4d0 code [0x00000000034cc620, 0x00000000034cca38]
Event: 4.036 Thread 0x0000000001981800  208             java.util.concurrent.atomic.AtomicLong::get (5 bytes)
Event: 4.036 Thread 0x0000000001981800 nmethod 208 0x00000000034b3e10 code [0x00000000034b3f40, 0x00000000034b3f98]
Event: 4.036 Thread 0x0000000001981800  209             java.util.Random::next (47 bytes)
Event: 4.036 Thread 0x0000000001985800 nmethod 207 0x00000000034da390 code [0x00000000034da540, 0x00000000034daa68]
Event: 4.036 Thread 0x0000000001985800  211             java.util.concurrent.atomic.AtomicLong::compareAndSet (13 bytes)
Event: 4.037 Thread 0x0000000001985800 nmethod 211 0x00000000034cc250 code [0x00000000034cc380, 0x00000000034cc3d8]
Event: 4.037 Thread 0x0000000001985800  212             com.android.dx.util.IntList::mutableCopy (39 bytes)
Event: 4.038 Thread 0x0000000001981800 nmethod 209 0x00000000034db190 code [0x00000000034db2c0, 0x00000000034db398]
Event: 4.038 Thread 0x0000000001981800  213   !         com.android.dx.rop.type.Type::intern (319 bytes)

GC Heap History (2 events):
Event: 3.474 GC heap before
{Heap before GC invocations=1 (full 0):
 PSYoungGen      total 28096K, used 24128K [0x00000000eaab0000, 0x00000000eca00000, 0x0000000100000000)
  eden space 24128K, 100% used [0x00000000eaab0000,0x00000000ec240000,0x00000000ec240000)
  from space 3968K, 0% used [0x00000000ec620000,0x00000000ec620000,0x00000000eca00000)
  to   space 3968K, 0% used [0x00000000ec240000,0x00000000ec240000,0x00000000ec620000)
 ParOldGen       total 64192K, used 0K [0x00000000c0000000, 0x00000000c3eb0000, 0x00000000eaab0000)
  object space 64192K, 0% used [0x00000000c0000000,0x00000000c0000000,0x00000000c3eb0000)
 PSPermGen       total 21248K, used 5803K [0x00000000bae00000, 0x00000000bc2c0000, 0x00000000c0000000)
  object space 21248K, 27% used [0x00000000bae00000,0x00000000bb3aadf8,0x00000000bc2c0000)
Event: 3.568 GC heap after
Heap after GC invocations=1 (full 0):
 PSYoungGen      total 28096K, used 3937K [0x00000000eaab0000, 0x00000000ee190000, 0x0000000100000000)
  eden space 24128K, 0% used [0x00000000eaab0000,0x00000000eaab0000,0x00000000ec240000)
  from space 3968K, 99% used [0x00000000ec240000,0x00000000ec6184b0,0x00000000ec620000)
  to   space 3968K, 0% used [0x00000000eddb0000,0x00000000eddb0000,0x00000000ee190000)
 ParOldGen       total 64192K, used 1761K [0x00000000c0000000, 0x00000000c3eb0000, 0x00000000eaab0000)
  object space 64192K, 2% used [0x00000000c0000000,0x00000000c01b8790,0x00000000c3eb0000)
 PSPermGen       total 21248K, used 5803K [0x00000000bae00000, 0x00000000bc2c0000, 0x00000000c0000000)
  object space 21248K, 27% used [0x00000000bae00000,0x00000000bb3aadf8,0x00000000bc2c0000)
}

Deoptimization events (7 events):
Event: 2.662 Thread 0x000000000a4b2800 Uncommon trap -12 fr.pc 0x000000000347bdec
Event: 2.940 Thread 0x000000000a4b2800 Uncommon trap -34 fr.pc 0x0000000003484010
Event: 3.047 Thread 0x0000000000fb0800 Uncommon trap -12 fr.pc 0x000000000349278c
Event: 3.185 Thread 0x000000000a4b3800 Uncommon trap -34 fr.pc 0x0000000003484010
Event: 3.208 Thread 0x000000000a497000 Uncommon trap -34 fr.pc 0x0000000003484010
Event: 3.208 Thread 0x000000000a497000 Uncommon trap -34 fr.pc 0x0000000003484010
Event: 3.573 Thread 0x000000000a4b3800 Uncommon trap -12 fr.pc 0x00000000034b6bb8

Internal exceptions (10 events):
Event: 2.662 Thread 0x000000000a4b2800 Implicit null exception at 0x000000000347b626 to 0x000000000347bdd1
Event: 2.797 Thread 0x0000000000fb0800 Threw 0x00000000eb92ae58 at C:\jdk7u2_64p\jdk7u25\hotspot\src\share\vm\prims\jvm.cpp:1235
Event: 3.029 Thread 0x000000000a4b2800 Threw 0x00000000ebae47f8 at C:\jdk7u2_64p\jdk7u25\hotspot\src\share\vm\prims\jvm.cpp:1235
Event: 3.047 Thread 0x0000000000fb0800 Implicit null exception at 0x0000000003492087 to 0x0000000003492781
Event: 3.218 Thread 0x000000000a4b2800 Threw 0x00000000ebdb6558 at C:\jdk7u2_64p\jdk7u25\hotspot\src\share\vm\prims\jvm.cpp:1235
Event: 3.222 Thread 0x000000000a4b2800 Threw 0x00000000ebdc7980 at C:\jdk7u2_64p\jdk7u25\hotspot\src\share\vm\prims\jvm.cpp:1235
Event: 3.472 Thread 0x0000000000fb0800 Threw 0x00000000ec224ef8 at C:\jdk7u2_64p\jdk7u25\hotspot\src\share\vm\prims\jvm.cpp:1235
Event: 3.472 Thread 0x0000000000fb0800 Threw 0x00000000ec22aee0 at C:\jdk7u2_64p\jdk7u25\hotspot\src\share\vm\prims\jvm.cpp:1235
Event: 3.573 Thread 0x0000000000fb0800 Threw 0x00000000eab70500 at C:\jdk7u2_64p\jdk7u25\hotspot\src\share\vm\prims\jvm.cpp:1235
Event: 3.573 Thread 0x000000000a4b3800 Implicit null exception at 0x00000000034b5d19 to 0x00000000034b6b89

Events (10 events):
Event: 3.471 loading class 0x000000000a391390
Event: 3.471 loading class 0x000000000a391390 done
Event: 3.472 loading class 0x000000000a448f10
Event: 3.472 loading class 0x000000000a448f10 done
Event: 3.473 Executing VM operation: ParallelGCFailedAllocation
Event: 3.568 Executing VM operation: ParallelGCFailedAllocation done
Event: 3.573 loading class 0x000000000a449150
Event: 3.573 loading class 0x000000000a449150 done
Event: 3.573 Thread 0x000000000a4b3800 DEOPT PACKING pc=0x00000000034b6bb8 sp=0x000000000aade970
Event: 3.573 Thread 0x000000000a4b3800 DEOPT UNPACKING pc=0x0000000003439164 sp=0x000000000aade898 mode 2


Dynamic libraries:
0x00007ff7e6c60000 - 0x00007ff7e6c93000 	C:\Program Files\Java\jdk1.7.0_25\bin\java.exe
0x00007ffc19100000 - 0x00007ffc192ad000 	C:\WINDOWS\SYSTEM32\ntdll.dll
0x00007ffc189e0000 - 0x00007ffc18b1e000 	C:\WINDOWS\system32\KERNEL32.DLL
0x00007ffc16320000 - 0x00007ffc16435000 	C:\WINDOWS\system32\KERNELBASE.dll
0x00007ffc14df0000 - 0x00007ffc14e7e000 	C:\WINDOWS\system32\apphelp.dll
0x00007ffbe40a0000 - 0x00007ffbe40f3000 	C:\WINDOWS\AppPatch\AppPatch64\AcGenral.DLL
0x00007ffc18b80000 - 0x00007ffc18c2a000 	C:\WINDOWS\system32\msvcrt.dll
0x00007ffc160f0000 - 0x00007ffc1611e000 	C:\WINDOWS\SYSTEM32\SspiCli.dll
0x00007ffc18980000 - 0x00007ffc189d4000 	C:\WINDOWS\system32\SHLWAPI.dll
0x00007ffc184e0000 - 0x00007ffc18657000 	C:\WINDOWS\system32\USER32.dll
0x00007ffc16a10000 - 0x00007ffc16ba4000 	C:\WINDOWS\system32\ole32.dll
0x00007ffc16bc0000 - 0x00007ffc180ea000 	C:\WINDOWS\system32\SHELL32.dll
0x00007ffc15850000 - 0x00007ffc15871000 	C:\WINDOWS\SYSTEM32\USERENV.dll
0x00007ffc19050000 - 0x00007ffc190fa000 	C:\WINDOWS\system32\ADVAPI32.dll
0x00007ffc0d6c0000 - 0x00007ffc0d6de000 	C:\WINDOWS\SYSTEM32\MPR.dll
0x00007ffc187c0000 - 0x00007ffc18901000 	C:\WINDOWS\system32\RPCRT4.dll
0x00007ffc18b20000 - 0x00007ffc18b79000 	C:\WINDOWS\SYSTEM32\sechost.dll
0x00007ffc167f0000 - 0x00007ffc16a01000 	C:\WINDOWS\SYSTEM32\combase.dll
0x00007ffc18390000 - 0x00007ffc184e0000 	C:\WINDOWS\system32\GDI32.dll
0x00007ffc16250000 - 0x00007ffc16265000 	C:\WINDOWS\SYSTEM32\profapi.dll
0x00007ffc14770000 - 0x00007ffc14822000 	C:\WINDOWS\SYSTEM32\SHCORE.dll
0x00007ffc19010000 - 0x00007ffc19046000 	C:\WINDOWS\system32\IMM32.DLL
0x00007ffc18660000 - 0x00007ffc187b2000 	C:\WINDOWS\system32\MSCTF.dll
0x00007ffc13e90000 - 0x00007ffc1410b000 	C:\WINDOWS\WinSxS\amd64_microsoft.windows.common-controls_6595b64144ccf1df_6.0.9600.18006_none_623f33d3ecbe86e8\COMCTL32.dll
0x000000005c5f0000 - 0x000000005c6c1000 	C:\Program Files\Java\jdk1.7.0_25\jre\bin\msvcr100.dll
0x000000005bee0000 - 0x000000005c5ef000 	C:\Program Files\Java\jdk1.7.0_25\jre\bin\server\jvm.dll
0x00007ffc0dc00000 - 0x00007ffc0dc09000 	C:\WINDOWS\SYSTEM32\WSOCK32.dll
0x00007ffc13ce0000 - 0x00007ffc13d02000 	C:\WINDOWS\SYSTEM32\WINMM.dll
0x00007ffc18970000 - 0x00007ffc18977000 	C:\WINDOWS\system32\PSAPI.DLL
0x00007ffc18910000 - 0x00007ffc1896a000 	C:\WINDOWS\system32\WS2_32.dll
0x00007ffc13cb0000 - 0x00007ffc13cda000 	C:\WINDOWS\SYSTEM32\WINMMBASE.dll
0x00007ffc18d20000 - 0x00007ffc18d29000 	C:\WINDOWS\system32\NSI.dll
0x00007ffc16440000 - 0x00007ffc1648f000 	C:\WINDOWS\SYSTEM32\cfgmgr32.dll
0x00007ffc15040000 - 0x00007ffc15068000 	C:\WINDOWS\SYSTEM32\DEVOBJ.dll
0x000000005d520000 - 0x000000005d52f000 	C:\Program Files\Java\jdk1.7.0_25\jre\bin\verify.dll
0x000000005beb0000 - 0x000000005bed8000 	C:\Program Files\Java\jdk1.7.0_25\jre\bin\java.dll
0x000000005be90000 - 0x000000005bea5000 	C:\Program Files\Java\jdk1.7.0_25\jre\bin\zip.dll
0x000000005be70000 - 0x000000005be89000 	C:\Program Files\Java\jdk1.7.0_25\jre\bin\net.dll
0x00007ffc15ac0000 - 0x00007ffc15b19000 	C:\WINDOWS\system32\mswsock.dll
0x000000005be50000 - 0x000000005be61000 	C:\Program Files\Java\jdk1.7.0_25\jre\bin\nio.dll

VM Arguments:
jvm_args: -Xmx1024M -Dfile.encoding=windows-1252 -Duser.country=BR -Duser.language=pt -Duser.variant 
java_command: com.android.dx.command.Main --dex --num-threads=4 --output C:\Users\Brendel Santos\GIT\B_A_SoftwareDevelopment\app\build\intermediates\pre-dexed\debug\classes-c4d98872e1a68945cc9771c2592ab6d34fec9281.jar C:\Users\Brendel Santos\GIT\B_A_SoftwareDevelopment\app\build\intermediates\exploded-aar\com.android.support\design\23.1.0\jars\classes.jar
Launcher Type: SUN_STANDARD

Environment Variables:
PATH=C:\ProgramData\Oracle\Java\javapath;C:\Program Files (x86)\iis express\PHP\v5.4;C:\Program Files (x86)\NVIDIA Corporation\PhysX\Common;c:\Program Files (x86)\Intel\iCLS Client\;c:\Program Files\Intel\iCLS Client\;c:\Program Files (x86)\AMD APP\bin\x86_64;c:\Program Files (x86)\AMD APP\bin\x86;C:\WINDOWS\system32;C:\WINDOWS;C:\WINDOWS\System32\Wbem;C:\WINDOWS\System32\WindowsPowerShell\v1.0\;c:\Program Files (x86)\ATI Technologies\ATI.ACE\Core-Static;C:\Program Files\Intel\Intel(R) Management Engine Components\DAL;C:\Program Files\Intel\Intel(R) Management Engine Components\IPT;C:\Program Files (x86)\Intel\Intel(R) Management Engine Components\DAL;C:\Program Files (x86)\Intel\Intel(R) Management Engine Components\IPT;C:\Program Files (x86)\Windows Live\Shared;c:\Program Files (x86)\Microsoft SQL Server\100\Tools\Binn\;c:\Program Files\Microsoft SQL Server\100\Tools\Binn\;c:\Program Files\Microsoft SQL Server\100\DTS\Binn\;c:\Program Files (x86)\Microsoft SQL Server\100\Tools\Binn\VSShell\Common7\IDE\;c:\Program Files (x86)\Microsoft SQL Server\1;C:\Program Files\TortoiseSVN\bin;c:\Program Files (x86)\Microsoft SQL Server\110\Tools\Binn\;c:\Program Files\Microsoft SQL Server\110\Tools\Binn\;c:\Program Files\Microsoft SQL Server\110\DTS\Binn\;c:\Program Files (x86)\Microsoft SQL Server\100\DTS\Binn\;c:\Program Files (x86)\Microsoft SQL Server\110\Tools\Binn\ManagementStudio\;c:\Program Files (x86)\Microsoft SQL Server\110\DTS\Binn\;C:\Program Files (x86)\Windows Kits\8.1\Windows Performance Toolkit\;C:\Program Files (x86)\Microsoft SDKs\TypeScript\1.0\;C:\Program Files\Microsoft SQL Server\120\Tools\Binn\;C:\Program Files (x86)\MiKTeX 2.9\miktex\bin\;C:\MinGW\bin;C:\MinGW\msys\1.0\bin;C:\Ruby22-x64\bin
USERNAME=Brendel Santos
OS=Windows_NT
PROCESSOR_IDENTIFIER=Intel64 Family 6 Model 58 Stepping 9, GenuineIntel



---------------  S Y S T E M  ---------------

OS: Windows 8 , 64 bit Build 9200 

CPU:total 4 (2 cores per cpu, 2 threads per core) family 6 model 58 stepping 9, cmov, cx8, fxsr, mmx, sse, sse2, sse3, ssse3, sse4.1, sse4.2, popcnt, avx, ht, tsc, tscinvbit, tscinv

Memory: 4k page, physical 6157592k(993584k free), swap 10765592k(5088k free)

vm_info: Java HotSpot(TM) 64-Bit Server VM (23.25-b01) for windows-amd64 JRE (1.7.0_25-b17), built on Jun 21 2013 12:58:32 by "java_re" with unknown MS VC++:1600

time: Thu May 05 00:40:24 2016
elapsed time: 4 seconds

