#
# There is insufficient memory for the Java Runtime Environment to continue.
# Native memory allocation (malloc) failed to allocate 121280 bytes for Chunk::new
# Possible reasons:
#   The system is out of physical RAM or swap space
#   In 32 bit mode, the process size limit was hit
# Possible solutions:
#   Reduce memory load on the system
#   Increase physical memory or swap space
#   Check if swap backing store is full
#   Use 64 bit Java on a 64 bit OS
#   Decrease Java heap size (-Xmx/-Xms)
#   Decrease number of Java threads
#   Decrease Java thread stack sizes (-Xss)
#   Set larger code cache with -XX:ReservedCodeCacheSize=
# This output file may be truncated or incomplete.
#
#  Out of Memory Error (allocation.cpp:328), pid=3904, tid=11312
#
# JRE version: 7.0_25-b17
# Java VM: Java HotSpot(TM) 64-Bit Server VM (23.25-b01 mixed mode windows-amd64 compressed oops)
# Failed to write core dump. Minidumps are not enabled by default on client versions of Windows
#

---------------  T H R E A D  ---------------

Current thread (0x000000000874f000):  JavaThread "C2 CompilerThread1" daemon [_thread_in_native, id=11312, stack(0x0000000009df0000,0x0000000009ef0000)]

Stack: [0x0000000009df0000,0x0000000009ef0000]

Current CompileTask:
C2:   7520  206             com.android.dx.ssa.SCCP::run (298 bytes)


---------------  P R O C E S S  ---------------

Java Threads: ( => current thread )
  0x000000000a27c000 JavaThread "pool-1-thread-4" [_thread_in_Java, id=9308, stack(0x000000000a8f0000,0x000000000a9f0000)]
  0x000000000a28e800 JavaThread "pool-1-thread-3" [_thread_in_Java, id=3860, stack(0x000000000a7f0000,0x000000000a8f0000)]
  0x000000000a28d800 JavaThread "pool-1-thread-2" [_thread_in_Java, id=11944, stack(0x000000000a6f0000,0x000000000a7f0000)]
  0x000000000a28d000 JavaThread "pool-2-thread-1" [_thread_blocked, id=7920, stack(0x000000000a5f0000,0x000000000a6f0000)]
  0x000000000a2e9800 JavaThread "pool-1-thread-1" [_thread_in_Java, id=13764, stack(0x000000000a4f0000,0x000000000a5f0000)]
  0x0000000008751800 JavaThread "Service Thread" daemon [_thread_blocked, id=15568, stack(0x0000000009ef0000,0x0000000009ff0000)]
=>0x000000000874f000 JavaThread "C2 CompilerThread1" daemon [_thread_in_native, id=11312, stack(0x0000000009df0000,0x0000000009ef0000)]
  0x0000000008741800 JavaThread "C2 CompilerThread0" daemon [_thread_in_native, id=15612, stack(0x0000000009cf0000,0x0000000009df0000)]
  0x0000000008740800 JavaThread "Attach Listener" daemon [_thread_blocked, id=15156, stack(0x0000000009bf0000,0x0000000009cf0000)]
  0x000000000873d800 JavaThread "Signal Dispatcher" daemon [_thread_blocked, id=12468, stack(0x0000000009af0000,0x0000000009bf0000)]
  0x00000000086d8800 JavaThread "Finalizer" daemon [_thread_blocked, id=6788, stack(0x00000000099f0000,0x0000000009af0000)]
  0x00000000086cf800 JavaThread "Reference Handler" daemon [_thread_blocked, id=5876, stack(0x00000000098f0000,0x00000000099f0000)]
  0x0000000002160800 JavaThread "main" [_thread_in_Java, id=15032, stack(0x0000000002000000,0x0000000002100000)]

Other Threads:
  0x00000000086c7000 VMThread [stack: 0x00000000097f0000,0x00000000098f0000] [id=7420]
  0x0000000008760800 WatcherThread [stack: 0x0000000009ff0000,0x000000000a0f0000] [id=11908]

VM state:not at safepoint (normal execution)

VM Mutex/Monitor currently owned by a thread: None

Heap
 PSYoungGen      total 28096K, used 9243K [0x00000000eaab0000, 0x00000000ee190000, 0x0000000100000000)
  eden space 24128K, 21% used [0x00000000eaab0000,0x00000000eafdd2d8,0x00000000ec240000)
  from space 3968K, 99% used [0x00000000ec240000,0x00000000ec619c88,0x00000000ec620000)
  to   space 3968K, 0% used [0x00000000eddb0000,0x00000000eddb0000,0x00000000ee190000)
 ParOldGen       total 64192K, used 1779K [0x00000000c0000000, 0x00000000c3eb0000, 0x00000000eaab0000)
  object space 64192K, 2% used [0x00000000c0000000,0x00000000c01bce70,0x00000000c3eb0000)
 PSPermGen       total 21248K, used 5877K [0x00000000bae00000, 0x00000000bc2c0000, 0x00000000c0000000)
  object space 21248K, 27% used [0x00000000bae00000,0x00000000bb3bd588,0x00000000bc2c0000)

Card table byte_map: [0x0000000005330000,0x0000000005560000] byte_map_base: 0x0000000004d59000

Polling page: 0x0000000000670000

Code Cache  [0x0000000002330000, 0x00000000025a0000, 0x0000000005330000)
 total_blobs=442 nmethods=207 adapters=186 free_code_cache=48320Kb largest_free_block=49458048

Compilation events (10 events):
Event: 7.486 Thread 0x000000000874f000 nmethod 196 0x00000000023f5c90 code [0x00000000023f5e00, 0x00000000023f6398]
Event: 7.486 Thread 0x000000000874f000  204             java.util.TreeMap::getEntry (84 bytes)
Event: 7.488 Thread 0x000000000874f000 nmethod 204 0x0000000002401f10 code [0x0000000002402060, 0x0000000002402198]
Event: 7.488 Thread 0x000000000874f000  205             com.android.dx.ssa.SsaRenamer::access$000 (5 bytes)
Event: 7.489 Thread 0x000000000874f000 nmethod 205 0x00000000023f3490 code [0x00000000023f35c0, 0x00000000023f3618]
Event: 7.489 Thread 0x000000000874f000  206             com.android.dx.ssa.SCCP::run (298 bytes)
Event: 7.515 Thread 0x0000000008741800 nmethod 203 0x00000000023f57d0 code [0x00000000023f5920, 0x00000000023f5ad8]
Event: 7.515 Thread 0x0000000008741800  207             com.android.dx.rop.code.PlainInsn::<init> (73 bytes)
Event: 7.516 Thread 0x0000000008741800 nmethod 207 0x00000000023f53d0 code [0x00000000023f5520, 0x00000000023f5658]
Event: 7.516 Thread 0x0000000008741800  208             com.android.dx.ssa.LocalVariableExtractor::processBlock (383 bytes)

GC Heap History (2 events):
Event: 7.060 GC heap before
{Heap before GC invocations=1 (full 0):
 PSYoungGen      total 28096K, used 24128K [0x00000000eaab0000, 0x00000000eca00000, 0x0000000100000000)
  eden space 24128K, 100% used [0x00000000eaab0000,0x00000000ec240000,0x00000000ec240000)
  from space 3968K, 0% used [0x00000000ec620000,0x00000000ec620000,0x00000000eca00000)
  to   space 3968K, 0% used [0x00000000ec240000,0x00000000ec240000,0x00000000ec620000)
 ParOldGen       total 64192K, used 0K [0x00000000c0000000, 0x00000000c3eb0000, 0x00000000eaab0000)
  object space 64192K, 0% used [0x00000000c0000000,0x00000000c0000000,0x00000000c3eb0000)
 PSPermGen       total 21248K, used 5819K [0x00000000bae00000, 0x00000000bc2c0000, 0x00000000c0000000)
  object space 21248K, 27% used [0x00000000bae00000,0x00000000bb3aeda8,0x00000000bc2c0000)
Event: 7.168 GC heap after
Heap after GC invocations=1 (full 0):
 PSYoungGen      total 28096K, used 3943K [0x00000000eaab0000, 0x00000000ee190000, 0x0000000100000000)
  eden space 24128K, 0% used [0x00000000eaab0000,0x00000000eaab0000,0x00000000ec240000)
  from space 3968K, 99% used [0x00000000ec240000,0x00000000ec619c88,0x00000000ec620000)
  to   space 3968K, 0% used [0x00000000eddb0000,0x00000000eddb0000,0x00000000ee190000)
 ParOldGen       total 64192K, used 1779K [0x00000000c0000000, 0x00000000c3eb0000, 0x00000000eaab0000)
  object space 64192K, 2% used [0x00000000c0000000,0x00000000c01bce70,0x00000000c3eb0000)
 PSPermGen       total 21248K, used 5819K [0x00000000bae00000, 0x00000000bc2c0000, 0x00000000c0000000)
  object space 21248K, 27% used [0x00000000bae00000,0x00000000bb3aeda8,0x00000000bc2c0000)
}

Deoptimization events (10 events):
Event: 6.209 Thread 0x000000000a27c000 Uncommon trap -34 fr.pc 0x00000000023a8958
Event: 6.843 Thread 0x000000000a2e9800 Uncommon trap -58 fr.pc 0x00000000023b8a5c
Event: 6.843 Thread 0x000000000a2e9800 Uncommon trap -58 fr.pc 0x00000000023b8a5c
Event: 6.844 Thread 0x000000000a2e9800 Uncommon trap -58 fr.pc 0x00000000023b8a5c
Event: 6.845 Thread 0x000000000a2e9800 Uncommon trap -58 fr.pc 0x00000000023b8a5c
Event: 6.845 Thread 0x000000000a2e9800 Uncommon trap -34 fr.pc 0x00000000023a8958
Event: 6.846 Thread 0x000000000a2e9800 Uncommon trap -34 fr.pc 0x00000000023a8958
Event: 6.847 Thread 0x000000000a2e9800 Uncommon trap -34 fr.pc 0x00000000023a8958
Event: 7.326 Thread 0x0000000002160800 Uncommon trap -12 fr.pc 0x00000000023ec898
Event: 7.473 Thread 0x000000000a28e800 Uncommon trap -12 fr.pc 0x00000000023e7828

Internal exceptions (10 events):
Event: 5.883 Thread 0x000000000a2e9800 Threw 0x00000000eb4850e8 at C:\jdk7u2_64p\jdk7u25\hotspot\src\share\vm\prims\jvm.cpp:1235
Event: 5.914 Thread 0x0000000002160800 Threw 0x00000000eb219dc0 at C:\jdk7u2_64p\jdk7u25\hotspot\src\share\vm\prims\jvm.cpp:1235
Event: 5.922 Thread 0x000000000a28e800 Threw 0x00000000eb1b69a0 at C:\jdk7u2_64p\jdk7u25\hotspot\src\share\vm\prims\jvm.cpp:1235
Event: 5.965 Thread 0x000000000a27c000 Threw 0x00000000eb573480 at C:\jdk7u2_64p\jdk7u25\hotspot\src\share\vm\prims\jvm.cpp:1235
Event: 5.983 Thread 0x0000000002160800 Threw 0x00000000eb240ca8 at C:\jdk7u2_64p\jdk7u25\hotspot\src\share\vm\prims\jvm.cpp:1235
Event: 6.018 Thread 0x0000000002160800 Threw 0x00000000eb243510 at C:\jdk7u2_64p\jdk7u25\hotspot\src\share\vm\prims\jvm.cpp:1235
Event: 6.203 Thread 0x000000000a27c000 Implicit null exception at 0x00000000023a93e8 to 0x00000000023a9751
Event: 7.030 Thread 0x0000000002160800 Threw 0x00000000ec145850 at C:\jdk7u2_64p\jdk7u25\hotspot\src\share\vm\prims\jvm.cpp:1235
Event: 7.326 Thread 0x0000000002160800 Implicit null exception at 0x00000000023eb945 to 0x00000000023ec871
Event: 7.473 Thread 0x000000000a28e800 Implicit null exception at 0x00000000023e6565 to 0x00000000023e77f1

Events (10 events):
Event: 7.180 Executing VM operation: RevokeBias
Event: 7.180 Executing VM operation: RevokeBias done
Event: 7.180 Executing VM operation: RevokeBias
Event: 7.180 Executing VM operation: RevokeBias done
Event: 7.180 Executing VM operation: BulkRevokeBias
Event: 7.180 Executing VM operation: BulkRevokeBias done
Event: 7.326 Thread 0x0000000002160800 DEOPT PACKING pc=0x00000000023ec898 sp=0x00000000020fe980
Event: 7.326 Thread 0x0000000002160800 DEOPT UNPACKING pc=0x0000000002369164 sp=0x00000000020fe888 mode 2
Event: 7.473 Thread 0x000000000a28e800 DEOPT PACKING pc=0x00000000023e7828 sp=0x000000000a8eee00
Event: 7.473 Thread 0x000000000a28e800 DEOPT UNPACKING pc=0x0000000002369164 sp=0x000000000a8eeb98 mode 2


Dynamic libraries:
0x00007ff7e6c60000 - 0x00007ff7e6c93000 	C:\Program Files\Java\jdk1.7.0_25\bin\java.exe
0x00007ffc19100000 - 0x00007ffc192ad000 	C:\WINDOWS\SYSTEM32\ntdll.dll
0x00007ffc189e0000 - 0x00007ffc18b1e000 	C:\WINDOWS\system32\KERNEL32.DLL
0x00007ffc16320000 - 0x00007ffc16435000 	C:\WINDOWS\system32\KERNELBASE.dll
0x00007ffc14df0000 - 0x00007ffc14e7e000 	C:\WINDOWS\system32\apphelp.dll
0x00007ffbe40a0000 - 0x00007ffbe40f3000 	C:\WINDOWS\AppPatch\AppPatch64\AcGenral.DLL
0x00007ffc18b80000 - 0x00007ffc18c2a000 	C:\WINDOWS\system32\msvcrt.dll
0x00007ffc160f0000 - 0x00007ffc1611e000 	C:\WINDOWS\SYSTEM32\SspiCli.dll
0x00007ffc18980000 - 0x00007ffc189d4000 	C:\WINDOWS\system32\SHLWAPI.dll
0x00007ffc184e0000 - 0x00007ffc18657000 	C:\WINDOWS\system32\USER32.dll
0x00007ffc16a10000 - 0x00007ffc16ba4000 	C:\WINDOWS\system32\ole32.dll
0x00007ffc16bc0000 - 0x00007ffc180ea000 	C:\WINDOWS\system32\SHELL32.dll
0x00007ffc15850000 - 0x00007ffc15871000 	C:\WINDOWS\SYSTEM32\USERENV.dll
0x00007ffc19050000 - 0x00007ffc190fa000 	C:\WINDOWS\system32\ADVAPI32.dll
0x00007ffc0d6c0000 - 0x00007ffc0d6de000 	C:\WINDOWS\SYSTEM32\MPR.dll
0x00007ffc187c0000 - 0x00007ffc18901000 	C:\WINDOWS\system32\RPCRT4.dll
0x00007ffc18b20000 - 0x00007ffc18b79000 	C:\WINDOWS\SYSTEM32\sechost.dll
0x00007ffc167f0000 - 0x00007ffc16a01000 	C:\WINDOWS\SYSTEM32\combase.dll
0x00007ffc18390000 - 0x00007ffc184e0000 	C:\WINDOWS\system32\GDI32.dll
0x00007ffc16250000 - 0x00007ffc16265000 	C:\WINDOWS\SYSTEM32\profapi.dll
0x00007ffc14770000 - 0x00007ffc14822000 	C:\WINDOWS\SYSTEM32\SHCORE.dll
0x00007ffc19010000 - 0x00007ffc19046000 	C:\WINDOWS\system32\IMM32.DLL
0x00007ffc18660000 - 0x00007ffc187b2000 	C:\WINDOWS\system32\MSCTF.dll
0x00007ffc13e90000 - 0x00007ffc1410b000 	C:\WINDOWS\WinSxS\amd64_microsoft.windows.common-controls_6595b64144ccf1df_6.0.9600.18006_none_623f33d3ecbe86e8\COMCTL32.dll
0x000000005c5f0000 - 0x000000005c6c1000 	C:\Program Files\Java\jdk1.7.0_25\jre\bin\msvcr100.dll
0x000000005bee0000 - 0x000000005c5ef000 	C:\Program Files\Java\jdk1.7.0_25\jre\bin\server\jvm.dll
0x00007ffc0dc00000 - 0x00007ffc0dc09000 	C:\WINDOWS\SYSTEM32\WSOCK32.dll
0x00007ffc13ce0000 - 0x00007ffc13d02000 	C:\WINDOWS\SYSTEM32\WINMM.dll
0x00007ffc18970000 - 0x00007ffc18977000 	C:\WINDOWS\system32\PSAPI.DLL
0x00007ffc18910000 - 0x00007ffc1896a000 	C:\WINDOWS\system32\WS2_32.dll
0x00007ffc13cb0000 - 0x00007ffc13cda000 	C:\WINDOWS\SYSTEM32\WINMMBASE.dll
0x00007ffc18d20000 - 0x00007ffc18d29000 	C:\WINDOWS\system32\NSI.dll
0x00007ffc16440000 - 0x00007ffc1648f000 	C:\WINDOWS\SYSTEM32\cfgmgr32.dll
0x00007ffc15040000 - 0x00007ffc15068000 	C:\WINDOWS\SYSTEM32\DEVOBJ.dll
0x000000005d520000 - 0x000000005d52f000 	C:\Program Files\Java\jdk1.7.0_25\jre\bin\verify.dll
0x000000005beb0000 - 0x000000005bed8000 	C:\Program Files\Java\jdk1.7.0_25\jre\bin\java.dll
0x000000005be90000 - 0x000000005bea5000 	C:\Program Files\Java\jdk1.7.0_25\jre\bin\zip.dll
0x000000005be70000 - 0x000000005be89000 	C:\Program Files\Java\jdk1.7.0_25\jre\bin\net.dll
0x00007ffc15ac0000 - 0x00007ffc15b19000 	C:\WINDOWS\system32\mswsock.dll
0x000000005be50000 - 0x000000005be61000 	C:\Program Files\Java\jdk1.7.0_25\jre\bin\nio.dll

VM Arguments:
jvm_args: -Xmx1024M -Dfile.encoding=windows-1252 -Duser.country=BR -Duser.language=pt -Duser.variant 
java_command: com.android.dx.command.Main --dex --num-threads=4 --output C:\Users\Brendel Santos\GIT\B_A_SoftwareDevelopment\app\build\intermediates\pre-dexed\debug\classes-5841ee25c2f7c8c7c98a097f4ee954ec50c69a02.jar C:\Users\Brendel Santos\GIT\B_A_SoftwareDevelopment\app\build\intermediates\exploded-aar\com.android.support\support-v4\23.1.0\jars\classes.jar
Launcher Type: SUN_STANDARD

Environment Variables:
PATH=C:\ProgramData\Oracle\Java\javapath;C:\Program Files (x86)\iis express\PHP\v5.4;C:\Program Files (x86)\NVIDIA Corporation\PhysX\Common;c:\Program Files (x86)\Intel\iCLS Client\;c:\Program Files\Intel\iCLS Client\;c:\Program Files (x86)\AMD APP\bin\x86_64;c:\Program Files (x86)\AMD APP\bin\x86;C:\WINDOWS\system32;C:\WINDOWS;C:\WINDOWS\System32\Wbem;C:\WINDOWS\System32\WindowsPowerShell\v1.0\;c:\Program Files (x86)\ATI Technologies\ATI.ACE\Core-Static;C:\Program Files\Intel\Intel(R) Management Engine Components\DAL;C:\Program Files\Intel\Intel(R) Management Engine Components\IPT;C:\Program Files (x86)\Intel\Intel(R) Management Engine Components\DAL;C:\Program Files (x86)\Intel\Intel(R) Management Engine Components\IPT;C:\Program Files (x86)\Windows Live\Shared;c:\Program Files (x86)\Microsoft SQL Server\100\Tools\Binn\;c:\Program Files\Microsoft SQL Server\100\Tools\Binn\;c:\Program Files\Microsoft SQL Server\100\DTS\Binn\;c:\Program Files (x86)\Microsoft SQL Server\100\Tools\Binn\VSShell\Common7\IDE\;c:\Program Files (x86)\Microsoft SQL Server\1;C:\Program Files\TortoiseSVN\bin;c:\Program Files (x86)\Microsoft SQL Server\110\Tools\Binn\;c:\Program Files\Microsoft SQL Server\110\Tools\Binn\;c:\Program Files\Microsoft SQL Server\110\DTS\Binn\;c:\Program Files (x86)\Microsoft SQL Server\100\DTS\Binn\;c:\Program Files (x86)\Microsoft SQL Server\110\Tools\Binn\ManagementStudio\;c:\Program Files (x86)\Microsoft SQL Server\110\DTS\Binn\;C:\Program Files (x86)\Windows Kits\8.1\Windows Performance Toolkit\;C:\Program Files (x86)\Microsoft SDKs\TypeScript\1.0\;C:\Program Files\Microsoft SQL Server\120\Tools\Binn\;C:\Program Files (x86)\MiKTeX 2.9\miktex\bin\;C:\MinGW\bin;C:\MinGW\msys\1.0\bin;C:\Ruby22-x64\bin
USERNAME=Brendel Santos
OS=Windows_NT
PROCESSOR_IDENTIFIER=Intel64 Family 6 Model 58 Stepping 9, GenuineIntel



---------------  S Y S T E M  ---------------

OS: Windows 8 , 64 bit Build 9200 

CPU:total 4 (2 cores per cpu, 2 threads per core) family 6 model 58 stepping 9, cmov, cx8, fxsr, mmx, sse, sse2, sse3, ssse3, sse4.1, sse4.2, popcnt, avx, ht, tsc, tscinvbit, tscinv

Memory: 4k page, physical 6157592k(993416k free), swap 10765592k(5100k free)

vm_info: Java HotSpot(TM) 64-Bit Server VM (23.25-b01) for windows-amd64 JRE (1.7.0_25-b17), built on Jun 21 2013 12:58:32 by "java_re" with unknown MS VC++:1600

time: Thu May 05 00:40:24 2016
elapsed time: 7 seconds

