#
# There is insufficient memory for the Java Runtime Environment to continue.
# Native memory allocation (malloc) failed to allocate 1048576 bytes for AllocateHeap
# Possible reasons:
#   The system is out of physical RAM or swap space
#   In 32 bit mode, the process size limit was hit
# Possible solutions:
#   Reduce memory load on the system
#   Increase physical memory or swap space
#   Check if swap backing store is full
#   Use 64 bit Java on a 64 bit OS
#   Decrease Java heap size (-Xmx/-Xms)
#   Decrease number of Java threads
#   Decrease Java thread stack sizes (-Xss)
#   Set larger code cache with -XX:ReservedCodeCacheSize=
# This output file may be truncated or incomplete.
#
#  Out of Memory Error (memory/allocation.inline.hpp:60), pid=15880, tid=14300
#
# JRE version: 7.0_25-b17
# Java VM: Java HotSpot(TM) 64-Bit Server VM (23.25-b01 mixed mode windows-amd64 compressed oops)
# Failed to write core dump. Minidumps are not enabled by default on client versions of Windows
#

---------------  T H R E A D  ---------------

Current thread (0x0000000001160800):  JavaThread "Unknown thread" [_thread_in_vm, id=14300, stack(0x0000000001060000,0x0000000001160000)]

Stack: [0x0000000001060000,0x0000000001160000]

---------------  P R O C E S S  ---------------

Java Threads: ( => current thread )

Other Threads:

=>0x0000000001160800 (exited) JavaThread "Unknown thread" [_thread_in_vm, id=14300, stack(0x0000000001060000,0x0000000001160000)]

VM state:not at safepoint (normal execution)

VM Mutex/Monitor currently owned by a thread: None

Heap
 PSYoungGen      total 28096K, used 482K [0x00000000eaab0000, 0x00000000eca00000, 0x0000000100000000)
  eden space 24128K, 2% used [0x00000000eaab0000,0x00000000eab28aa8,0x00000000ec240000)
  from space 3968K, 0% used [0x00000000ec620000,0x00000000ec620000,0x00000000eca00000)
  to   space 3968K, 0% used [0x00000000ec240000,0x00000000ec240000,0x00000000ec620000)
 ParOldGen       total 64192K, used 0K [0x00000000c0000000, 0x00000000c3eb0000, 0x00000000eaab0000)
  object space 64192K, 0% used [0x00000000c0000000,0x00000000c0000000,0x00000000c3eb0000)
 PSPermGen       total 21248K, used 709K [0x00000000bae00000, 0x00000000bc2c0000, 0x00000000c0000000)
  object space 21248K, 3% used [0x00000000bae00000,0x00000000baeb1418,0x00000000bc2c0000)

Card table byte_map: [0x0000000001260000,0x0000000001490000] byte_map_base: 0x0000000000c89000

Polling page: 0x0000000000d10000

Code Cache  [0x0000000003400000, 0x0000000003670000, 0x0000000006400000)
 total_blobs=39 nmethods=0 adapters=20 free_code_cache=48889Kb largest_free_block=50062848

Compilation events (0 events):
No events

GC Heap History (0 events):
No events

Deoptimization events (0 events):
No events

Internal exceptions (0 events):
No events

Events (10 events):
Event: 0.015 loading class 0x00000000011ab0f0
Event: 0.015 loading class 0x00000000011ab0f0 done
Event: 0.015 loading class 0x00000000011ab630
Event: 0.015 loading class 0x00000000011ab630 done
Event: 0.015 loading class 0x00000000011ab450
Event: 0.015 loading class 0x00000000011ab450 done
Event: 0.015 loading class 0x00000000011762f0
Event: 0.015 loading class 0x00000000011762f0 done
Event: 0.015 loading class 0x00000000011760f0
Event: 0.015 loading class 0x00000000011760f0 done


Dynamic libraries:
0x00007ff7e6c60000 - 0x00007ff7e6c93000 	C:\Program Files\Java\jdk1.7.0_25\bin\java.exe
0x00007ffc19100000 - 0x00007ffc192ad000 	C:\WINDOWS\SYSTEM32\ntdll.dll
0x00007ffc189e0000 - 0x00007ffc18b1e000 	C:\WINDOWS\system32\KERNEL32.DLL
0x00007ffc16320000 - 0x00007ffc16435000 	C:\WINDOWS\system32\KERNELBASE.dll
0x00007ffc14df0000 - 0x00007ffc14e7e000 	C:\WINDOWS\system32\apphelp.dll
0x00007ffbe40a0000 - 0x00007ffbe40f3000 	C:\WINDOWS\AppPatch\AppPatch64\AcGenral.DLL
0x00007ffc18b80000 - 0x00007ffc18c2a000 	C:\WINDOWS\system32\msvcrt.dll
0x00007ffc160f0000 - 0x00007ffc1611e000 	C:\WINDOWS\SYSTEM32\SspiCli.dll
0x00007ffc18980000 - 0x00007ffc189d4000 	C:\WINDOWS\system32\SHLWAPI.dll
0x00007ffc184e0000 - 0x00007ffc18657000 	C:\WINDOWS\system32\USER32.dll
0x00007ffc16a10000 - 0x00007ffc16ba4000 	C:\WINDOWS\system32\ole32.dll
0x00007ffc16bc0000 - 0x00007ffc180ea000 	C:\WINDOWS\system32\SHELL32.dll
0x00007ffc15850000 - 0x00007ffc15871000 	C:\WINDOWS\SYSTEM32\USERENV.dll
0x00007ffc19050000 - 0x00007ffc190fa000 	C:\WINDOWS\system32\ADVAPI32.dll
0x00007ffc0d6c0000 - 0x00007ffc0d6de000 	C:\WINDOWS\SYSTEM32\MPR.dll
0x00007ffc187c0000 - 0x00007ffc18901000 	C:\WINDOWS\system32\RPCRT4.dll
0x00007ffc18b20000 - 0x00007ffc18b79000 	C:\WINDOWS\SYSTEM32\sechost.dll
0x00007ffc167f0000 - 0x00007ffc16a01000 	C:\WINDOWS\SYSTEM32\combase.dll
0x00007ffc18390000 - 0x00007ffc184e0000 	C:\WINDOWS\system32\GDI32.dll
0x00007ffc16250000 - 0x00007ffc16265000 	C:\WINDOWS\SYSTEM32\profapi.dll
0x00007ffc14770000 - 0x00007ffc14822000 	C:\WINDOWS\SYSTEM32\SHCORE.dll
0x00007ffc19010000 - 0x00007ffc19046000 	C:\WINDOWS\system32\IMM32.DLL
0x00007ffc18660000 - 0x00007ffc187b2000 	C:\WINDOWS\system32\MSCTF.dll
0x00007ffc13e90000 - 0x00007ffc1410b000 	C:\WINDOWS\WinSxS\amd64_microsoft.windows.common-controls_6595b64144ccf1df_6.0.9600.18006_none_623f33d3ecbe86e8\COMCTL32.dll
0x000000005c5f0000 - 0x000000005c6c1000 	C:\Program Files\Java\jdk1.7.0_25\jre\bin\msvcr100.dll
0x000000005bee0000 - 0x000000005c5ef000 	C:\Program Files\Java\jdk1.7.0_25\jre\bin\server\jvm.dll
0x00007ffc0dc00000 - 0x00007ffc0dc09000 	C:\WINDOWS\SYSTEM32\WSOCK32.dll
0x00007ffc13ce0000 - 0x00007ffc13d02000 	C:\WINDOWS\SYSTEM32\WINMM.dll
0x00007ffc18970000 - 0x00007ffc18977000 	C:\WINDOWS\system32\PSAPI.DLL
0x00007ffc18910000 - 0x00007ffc1896a000 	C:\WINDOWS\system32\WS2_32.dll
0x00007ffc13cb0000 - 0x00007ffc13cda000 	C:\WINDOWS\SYSTEM32\WINMMBASE.dll
0x00007ffc18d20000 - 0x00007ffc18d29000 	C:\WINDOWS\system32\NSI.dll
0x00007ffc16440000 - 0x00007ffc1648f000 	C:\WINDOWS\SYSTEM32\cfgmgr32.dll
0x00007ffc15040000 - 0x00007ffc15068000 	C:\WINDOWS\SYSTEM32\DEVOBJ.dll
0x000000005d520000 - 0x000000005d52f000 	C:\Program Files\Java\jdk1.7.0_25\jre\bin\verify.dll
0x000000005beb0000 - 0x000000005bed8000 	C:\Program Files\Java\jdk1.7.0_25\jre\bin\java.dll
0x000000005be90000 - 0x000000005bea5000 	C:\Program Files\Java\jdk1.7.0_25\jre\bin\zip.dll

VM Arguments:
jvm_args: -Xmx1024M -Dfile.encoding=windows-1252 -Duser.country=BR -Duser.language=pt -Duser.variant 
java_command: com.android.dx.command.Main --dex --num-threads=4 --output C:\Users\Brendel Santos\GIT\B_A_SoftwareDevelopment\app\build\intermediates\pre-dexed\debug\classes-9520267203d235aeab43971da3b6c9b201bf5689.jar C:\Users\Brendel Santos\GIT\B_A_SoftwareDevelopment\app\build\intermediates\exploded-aar\com.android.support\appcompat-v7\23.1.0\jars\classes.jar
Launcher Type: SUN_STANDARD

Environment Variables:
PATH=C:\ProgramData\Oracle\Java\javapath;C:\Program Files (x86)\iis express\PHP\v5.4;C:\Program Files (x86)\NVIDIA Corporation\PhysX\Common;c:\Program Files (x86)\Intel\iCLS Client\;c:\Program Files\Intel\iCLS Client\;c:\Program Files (x86)\AMD APP\bin\x86_64;c:\Program Files (x86)\AMD APP\bin\x86;C:\WINDOWS\system32;C:\WINDOWS;C:\WINDOWS\System32\Wbem;C:\WINDOWS\System32\WindowsPowerShell\v1.0\;c:\Program Files (x86)\ATI Technologies\ATI.ACE\Core-Static;C:\Program Files\Intel\Intel(R) Management Engine Components\DAL;C:\Program Files\Intel\Intel(R) Management Engine Components\IPT;C:\Program Files (x86)\Intel\Intel(R) Management Engine Components\DAL;C:\Program Files (x86)\Intel\Intel(R) Management Engine Components\IPT;C:\Program Files (x86)\Windows Live\Shared;c:\Program Files (x86)\Microsoft SQL Server\100\Tools\Binn\;c:\Program Files\Microsoft SQL Server\100\Tools\Binn\;c:\Program Files\Microsoft SQL Server\100\DTS\Binn\;c:\Program Files (x86)\Microsoft SQL Server\100\Tools\Binn\VSShell\Common7\IDE\;c:\Program Files (x86)\Microsoft SQL Server\1;C:\Program Files\TortoiseSVN\bin;c:\Program Files (x86)\Microsoft SQL Server\110\Tools\Binn\;c:\Program Files\Microsoft SQL Server\110\Tools\Binn\;c:\Program Files\Microsoft SQL Server\110\DTS\Binn\;c:\Program Files (x86)\Microsoft SQL Server\100\DTS\Binn\;c:\Program Files (x86)\Microsoft SQL Server\110\Tools\Binn\ManagementStudio\;c:\Program Files (x86)\Microsoft SQL Server\110\DTS\Binn\;C:\Program Files (x86)\Windows Kits\8.1\Windows Performance Toolkit\;C:\Program Files (x86)\Microsoft SDKs\TypeScript\1.0\;C:\Program Files\Microsoft SQL Server\120\Tools\Binn\;C:\Program Files (x86)\MiKTeX 2.9\miktex\bin\;C:\MinGW\bin;C:\MinGW\msys\1.0\bin;C:\Ruby22-x64\bin
USERNAME=Brendel Santos
OS=Windows_NT
PROCESSOR_IDENTIFIER=Intel64 Family 6 Model 58 Stepping 9, GenuineIntel



---------------  S Y S T E M  ---------------

OS: Windows 8 , 64 bit Build 9200 

CPU:total 4 (2 cores per cpu, 2 threads per core) family 6 model 58 stepping 9, cmov, cx8, fxsr, mmx, sse, sse2, sse3, ssse3, sse4.1, sse4.2, popcnt, avx, ht, tsc, tscinvbit, tscinv

Memory: 4k page, physical 6157592k(973492k free), swap 10765592k(4776k free)

vm_info: Java HotSpot(TM) 64-Bit Server VM (23.25-b01) for windows-amd64 JRE (1.7.0_25-b17), built on Jun 21 2013 12:58:32 by "java_re" with unknown MS VC++:1600

time: Thu May 05 00:29:18 2016
elapsed time: 0 seconds

