#
# There is insufficient memory for the Java Runtime Environment to continue.
# Native memory allocation (malloc) failed to allocate 347136 bytes for Chunk::new
# Possible reasons:
#   The system is out of physical RAM or swap space
#   In 32 bit mode, the process size limit was hit
# Possible solutions:
#   Reduce memory load on the system
#   Increase physical memory or swap space
#   Check if swap backing store is full
#   Use 64 bit Java on a 64 bit OS
#   Decrease Java heap size (-Xmx/-Xms)
#   Decrease number of Java threads
#   Decrease Java thread stack sizes (-Xss)
#   Set larger code cache with -XX:ReservedCodeCacheSize=
# This output file may be truncated or incomplete.
#
#  Out of Memory Error (allocation.cpp:328), pid=5388, tid=1960
#
# JRE version: 7.0_25-b17
# Java VM: Java HotSpot(TM) 64-Bit Server VM (23.25-b01 mixed mode windows-amd64 compressed oops)
# Failed to write core dump. Minidumps are not enabled by default on client versions of Windows
#

---------------  T H R E A D  ---------------

Current thread (0x0000000008415000):  JavaThread "C2 CompilerThread1" daemon [_thread_in_native, id=1960, stack(0x0000000009ad0000,0x0000000009bd0000)]

Stack: [0x0000000009ad0000,0x0000000009bd0000]

Current CompileTask:
C2:  17600  167             com.android.dx.ssa.Dominators::run (506 bytes)


---------------  P R O C E S S  ---------------

Java Threads: ( => current thread )
  0x000000000843d000 JavaThread "pool-1-thread-4" [_thread_in_Java, id=16256, stack(0x000000000a5d0000,0x000000000a6d0000)]
  0x0000000009e56000 JavaThread "pool-1-thread-3" [_thread_in_Java, id=11548, stack(0x000000000a4d0000,0x000000000a5d0000)]
  0x000000000843a000 JavaThread "pool-1-thread-2" [_thread_blocked, id=10764, stack(0x000000000a3d0000,0x000000000a4d0000)]
  0x0000000009e78000 JavaThread "pool-2-thread-1" [_thread_blocked, id=11660, stack(0x000000000a2d0000,0x000000000a3d0000)]
  0x0000000009e32000 JavaThread "pool-1-thread-1" [_thread_in_Java, id=10576, stack(0x000000000a1d0000,0x000000000a2d0000)]
  0x0000000008416000 JavaThread "Service Thread" daemon [_thread_blocked, id=14000, stack(0x0000000009bd0000,0x0000000009cd0000)]
=>0x0000000008415000 JavaThread "C2 CompilerThread1" daemon [_thread_in_native, id=1960, stack(0x0000000009ad0000,0x0000000009bd0000)]
  0x0000000008411800 JavaThread "C2 CompilerThread0" daemon [_thread_in_native, id=14444, stack(0x00000000099d0000,0x0000000009ad0000)]
  0x0000000008410800 JavaThread "Attach Listener" daemon [_thread_blocked, id=6968, stack(0x00000000098d0000,0x00000000099d0000)]
  0x000000000840d000 JavaThread "Signal Dispatcher" daemon [_thread_blocked, id=13352, stack(0x00000000097d0000,0x00000000098d0000)]
  0x00000000083a8800 JavaThread "Finalizer" daemon [_thread_blocked, id=8356, stack(0x00000000096d0000,0x00000000097d0000)]
  0x00000000083a1800 JavaThread "Reference Handler" daemon [_thread_blocked, id=15876, stack(0x00000000095d0000,0x00000000096d0000)]
  0x0000000001d60800 JavaThread "main" [_thread_blocked, id=3584, stack(0x0000000001c60000,0x0000000001d60000)]

Other Threads:
  0x0000000008397000 VMThread [stack: 0x00000000094d0000,0x00000000095d0000] [id=4780]
  0x0000000008440000 WatcherThread [stack: 0x0000000009cd0000,0x0000000009dd0000] [id=5320]

VM state:not at safepoint (normal execution)

VM Mutex/Monitor currently owned by a thread: None

Heap
 PSYoungGen      total 28096K, used 10751K [0x00000000eaab0000, 0x00000000eca00000, 0x0000000100000000)
  eden space 24128K, 28% used [0x00000000eaab0000,0x00000000eb151418,0x00000000ec240000)
  from space 3968K, 99% used [0x00000000ec240000,0x00000000ec61eab8,0x00000000ec620000)
  to   space 3968K, 0% used [0x00000000ec620000,0x00000000ec620000,0x00000000eca00000)
 ParOldGen       total 64192K, used 1225K [0x00000000c0000000, 0x00000000c3eb0000, 0x00000000eaab0000)
  object space 64192K, 1% used [0x00000000c0000000,0x00000000c0132460,0x00000000c3eb0000)
 PSPermGen       total 21248K, used 5870K [0x00000000bae00000, 0x00000000bc2c0000, 0x00000000c0000000)
  object space 21248K, 27% used [0x00000000bae00000,0x00000000bb3bb8a8,0x00000000bc2c0000)

Card table byte_map: [0x0000000005000000,0x0000000005230000] byte_map_base: 0x0000000004a29000

Polling page: 0x0000000001b80000

Code Cache  [0x0000000002000000, 0x0000000002270000, 0x0000000005000000)
 total_blobs=414 nmethods=179 adapters=186 free_code_cache=48410Kb largest_free_block=49543616

Compilation events (10 events):
Event: 17.320 Thread 0x0000000008411800 nmethod 162 0x000000000209cad0 code [0x000000000209cc00, 0x000000000209cc58]
Event: 17.325 Thread 0x0000000008411800  163             com.android.dx.util.FixedSizeList::getOrNull0 (7 bytes)
Event: 17.325 Thread 0x0000000008411800 nmethod 163 0x00000000020a34d0 code [0x00000000020a3600, 0x00000000020a3698]
Event: 17.329 Thread 0x0000000008411800  164             com.android.dx.ssa.SsaBasicBlock::getRopLabel (5 bytes)
Event: 17.329 Thread 0x0000000008411800 nmethod 164 0x00000000020a32d0 code [0x00000000020a3400, 0x00000000020a3458]
Event: 17.375 Thread 0x0000000008415000 nmethod 160 0x00000000020b3f50 code [0x00000000020b42c0, 0x00000000020b5cc0]
Event: 17.440 Thread 0x0000000008411800  165             com.android.dx.ssa.LocalVariableExtractor::processBlock (383 bytes)
Event: 17.441 Thread 0x0000000008415000  166             com.android.dx.dex.code.DalvInsn::<init> (67 bytes)
Event: 17.442 Thread 0x0000000008415000 nmethod 166 0x00000000020a3010 code [0x00000000020a3140, 0x00000000020a3218]
Event: 17.447 Thread 0x0000000008415000  167             com.android.dx.ssa.Dominators::run (506 bytes)

GC Heap History (2 events):
Event: 17.450 GC heap before
{Heap before GC invocations=1 (full 0):
 PSYoungGen      total 28096K, used 24128K [0x00000000eaab0000, 0x00000000eca00000, 0x0000000100000000)
  eden space 24128K, 100% used [0x00000000eaab0000,0x00000000ec240000,0x00000000ec240000)
  from space 3968K, 0% used [0x00000000ec620000,0x00000000ec620000,0x00000000eca00000)
  to   space 3968K, 0% used [0x00000000ec240000,0x00000000ec240000,0x00000000ec620000)
 ParOldGen       total 64192K, used 0K [0x00000000c0000000, 0x00000000c3eb0000, 0x00000000eaab0000)
  object space 64192K, 0% used [0x00000000c0000000,0x00000000c0000000,0x00000000c3eb0000)
 PSPermGen       total 21248K, used 5809K [0x00000000bae00000, 0x00000000bc2c0000, 0x00000000c0000000)
  object space 21248K, 27% used [0x00000000bae00000,0x00000000bb3ac588,0x00000000bc2c0000)
Event: 17.511 GC heap after
Heap after GC invocations=1 (full 0):
 PSYoungGen      total 28096K, used 3962K [0x00000000eaab0000, 0x00000000eca00000, 0x0000000100000000)
  eden space 24128K, 0% used [0x00000000eaab0000,0x00000000eaab0000,0x00000000ec240000)
  from space 3968K, 99% used [0x00000000ec240000,0x00000000ec61eab8,0x00000000ec620000)
  to   space 3968K, 0% used [0x00000000ec620000,0x00000000ec620000,0x00000000eca00000)
 ParOldGen       total 64192K, used 1225K [0x00000000c0000000, 0x00000000c3eb0000, 0x00000000eaab0000)
  object space 64192K, 1% used [0x00000000c0000000,0x00000000c0132460,0x00000000c3eb0000)
 PSPermGen       total 21248K, used 5809K [0x00000000bae00000, 0x00000000bc2c0000, 0x00000000c0000000)
  object space 21248K, 27% used [0x00000000bae00000,0x00000000bb3ac588,0x00000000bc2c0000)
}

Deoptimization events (5 events):
Event: 16.585 Thread 0x000000000843a000 Uncommon trap -34 fr.pc 0x0000000002071fac
Event: 16.586 Thread 0x000000000843a000 Uncommon trap -34 fr.pc 0x0000000002071fac
Event: 16.586 Thread 0x000000000843a000 Uncommon trap -34 fr.pc 0x0000000002071fac
Event: 16.710 Thread 0x000000000843a000 Uncommon trap -12 fr.pc 0x000000000208172c
Event: 16.838 Thread 0x0000000001d60800 Uncommon trap -12 fr.pc 0x000000000208172c

Internal exceptions (10 events):
Event: 16.268 Thread 0x0000000001d60800 Threw 0x00000000eb253aa8 at C:\jdk7u2_64p\jdk7u25\hotspot\src\share\vm\prims\jvm.cpp:1235
Event: 16.289 Thread 0x000000000843a000 Threw 0x00000000eb43cbc8 at C:\jdk7u2_64p\jdk7u25\hotspot\src\share\vm\prims\jvm.cpp:1235
Event: 16.294 Thread 0x000000000843a000 Threw 0x00000000eb446e08 at C:\jdk7u2_64p\jdk7u25\hotspot\src\share\vm\prims\jvm.cpp:1235
Event: 16.423 Thread 0x0000000001d60800 Threw 0x00000000eb4ce1c8 at C:\jdk7u2_64p\jdk7u25\hotspot\src\share\vm\prims\jvm.cpp:1235
Event: 16.443 Thread 0x0000000009e56000 Threw 0x00000000eb60bca0 at C:\jdk7u2_64p\jdk7u25\hotspot\src\share\vm\prims\jvm.cpp:1235
Event: 16.574 Thread 0x0000000001d60800 Threw 0x00000000eb8e77f8 at C:\jdk7u2_64p\jdk7u25\hotspot\src\share\vm\prims\jvm.cpp:1235
Event: 16.623 Thread 0x0000000009e32000 Threw 0x00000000eba25f10 at C:\jdk7u2_64p\jdk7u25\hotspot\src\share\vm\prims\jvm.cpp:1235
Event: 16.710 Thread 0x000000000843a000 Implicit null exception at 0x0000000002081398 to 0x0000000002081719
Event: 16.838 Thread 0x0000000001d60800 Implicit null exception at 0x0000000002081398 to 0x0000000002081719
Event: 17.061 Thread 0x0000000009e56000 Threw 0x00000000ebefac18 at C:\jdk7u2_64p\jdk7u25\hotspot\src\share\vm\prims\jvm.cpp:1235

Events (10 events):
Event: 17.511 Executing VM operation: RevokeBias
Event: 17.511 Executing VM operation: RevokeBias done
Event: 17.512 Executing VM operation: RevokeBias
Event: 17.512 Executing VM operation: RevokeBias done
Event: 17.512 Executing VM operation: RevokeBias
Event: 17.512 Executing VM operation: RevokeBias done
Event: 17.512 Executing VM operation: RevokeBias
Event: 17.512 Executing VM operation: RevokeBias done
Event: 17.512 Executing VM operation: RevokeBias
Event: 17.512 Executing VM operation: RevokeBias done


Dynamic libraries:
0x00007ff7e6c60000 - 0x00007ff7e6c93000 	C:\Program Files\Java\jdk1.7.0_25\bin\java.exe
0x00007ffc19100000 - 0x00007ffc192ad000 	C:\WINDOWS\SYSTEM32\ntdll.dll
0x00007ffc189e0000 - 0x00007ffc18b1e000 	C:\WINDOWS\system32\KERNEL32.DLL
0x00007ffc16320000 - 0x00007ffc16435000 	C:\WINDOWS\system32\KERNELBASE.dll
0x00007ffc14df0000 - 0x00007ffc14e7e000 	C:\WINDOWS\system32\apphelp.dll
0x00007ffbe40a0000 - 0x00007ffbe40f3000 	C:\WINDOWS\AppPatch\AppPatch64\AcGenral.DLL
0x00007ffc18b80000 - 0x00007ffc18c2a000 	C:\WINDOWS\system32\msvcrt.dll
0x00007ffc160f0000 - 0x00007ffc1611e000 	C:\WINDOWS\SYSTEM32\SspiCli.dll
0x00007ffc18980000 - 0x00007ffc189d4000 	C:\WINDOWS\system32\SHLWAPI.dll
0x00007ffc184e0000 - 0x00007ffc18657000 	C:\WINDOWS\system32\USER32.dll
0x00007ffc16a10000 - 0x00007ffc16ba4000 	C:\WINDOWS\system32\ole32.dll
0x00007ffc16bc0000 - 0x00007ffc180ea000 	C:\WINDOWS\system32\SHELL32.dll
0x00007ffc15850000 - 0x00007ffc15871000 	C:\WINDOWS\SYSTEM32\USERENV.dll
0x00007ffc19050000 - 0x00007ffc190fa000 	C:\WINDOWS\system32\ADVAPI32.dll
0x00007ffc0d6c0000 - 0x00007ffc0d6de000 	C:\WINDOWS\SYSTEM32\MPR.dll
0x00007ffc187c0000 - 0x00007ffc18901000 	C:\WINDOWS\system32\RPCRT4.dll
0x00007ffc18b20000 - 0x00007ffc18b79000 	C:\WINDOWS\SYSTEM32\sechost.dll
0x00007ffc167f0000 - 0x00007ffc16a01000 	C:\WINDOWS\SYSTEM32\combase.dll
0x00007ffc18390000 - 0x00007ffc184e0000 	C:\WINDOWS\system32\GDI32.dll
0x00007ffc16250000 - 0x00007ffc16265000 	C:\WINDOWS\SYSTEM32\profapi.dll
0x00007ffc14770000 - 0x00007ffc14822000 	C:\WINDOWS\SYSTEM32\SHCORE.dll
0x00007ffc19010000 - 0x00007ffc19046000 	C:\WINDOWS\system32\IMM32.DLL
0x00007ffc18660000 - 0x00007ffc187b2000 	C:\WINDOWS\system32\MSCTF.dll
0x00007ffc13e90000 - 0x00007ffc1410b000 	C:\WINDOWS\WinSxS\amd64_microsoft.windows.common-controls_6595b64144ccf1df_6.0.9600.18006_none_623f33d3ecbe86e8\COMCTL32.dll
0x000000005c5f0000 - 0x000000005c6c1000 	C:\Program Files\Java\jdk1.7.0_25\jre\bin\msvcr100.dll
0x000000005bee0000 - 0x000000005c5ef000 	C:\Program Files\Java\jdk1.7.0_25\jre\bin\server\jvm.dll
0x00007ffc0dc00000 - 0x00007ffc0dc09000 	C:\WINDOWS\SYSTEM32\WSOCK32.dll
0x00007ffc13ce0000 - 0x00007ffc13d02000 	C:\WINDOWS\SYSTEM32\WINMM.dll
0x00007ffc18970000 - 0x00007ffc18977000 	C:\WINDOWS\system32\PSAPI.DLL
0x00007ffc18910000 - 0x00007ffc1896a000 	C:\WINDOWS\system32\WS2_32.dll
0x00007ffc13cb0000 - 0x00007ffc13cda000 	C:\WINDOWS\SYSTEM32\WINMMBASE.dll
0x00007ffc18d20000 - 0x00007ffc18d29000 	C:\WINDOWS\system32\NSI.dll
0x00007ffc16440000 - 0x00007ffc1648f000 	C:\WINDOWS\SYSTEM32\cfgmgr32.dll
0x00007ffc15040000 - 0x00007ffc15068000 	C:\WINDOWS\SYSTEM32\DEVOBJ.dll
0x000000005d520000 - 0x000000005d52f000 	C:\Program Files\Java\jdk1.7.0_25\jre\bin\verify.dll
0x000000005beb0000 - 0x000000005bed8000 	C:\Program Files\Java\jdk1.7.0_25\jre\bin\java.dll
0x000000005be90000 - 0x000000005bea5000 	C:\Program Files\Java\jdk1.7.0_25\jre\bin\zip.dll
0x000000005be70000 - 0x000000005be89000 	C:\Program Files\Java\jdk1.7.0_25\jre\bin\net.dll
0x00007ffc15ac0000 - 0x00007ffc15b19000 	C:\WINDOWS\system32\mswsock.dll
0x000000005be50000 - 0x000000005be61000 	C:\Program Files\Java\jdk1.7.0_25\jre\bin\nio.dll

VM Arguments:
jvm_args: -Xmx1024M -Dfile.encoding=windows-1252 -Duser.country=BR -Duser.language=pt -Duser.variant 
java_command: com.android.dx.command.Main --dex --num-threads=4 --output C:\Users\Brendel Santos\GIT\B_A_SoftwareDevelopment\app\build\intermediates\pre-dexed\debug\internal_impl-23.1.0-3b3fccca005f810adea913233b088e1224d06f8e.jar C:\Users\Brendel Santos\GIT\B_A_SoftwareDevelopment\app\build\intermediates\exploded-aar\com.android.support\support-v4\23.1.0\jars\libs\internal_impl-23.1.0.jar
Launcher Type: SUN_STANDARD

Environment Variables:
PATH=C:\ProgramData\Oracle\Java\javapath;C:\Program Files (x86)\iis express\PHP\v5.4;C:\Program Files (x86)\NVIDIA Corporation\PhysX\Common;c:\Program Files (x86)\Intel\iCLS Client\;c:\Program Files\Intel\iCLS Client\;c:\Program Files (x86)\AMD APP\bin\x86_64;c:\Program Files (x86)\AMD APP\bin\x86;C:\WINDOWS\system32;C:\WINDOWS;C:\WINDOWS\System32\Wbem;C:\WINDOWS\System32\WindowsPowerShell\v1.0\;c:\Program Files (x86)\ATI Technologies\ATI.ACE\Core-Static;C:\Program Files\Intel\Intel(R) Management Engine Components\DAL;C:\Program Files\Intel\Intel(R) Management Engine Components\IPT;C:\Program Files (x86)\Intel\Intel(R) Management Engine Components\DAL;C:\Program Files (x86)\Intel\Intel(R) Management Engine Components\IPT;C:\Program Files (x86)\Windows Live\Shared;c:\Program Files (x86)\Microsoft SQL Server\100\Tools\Binn\;c:\Program Files\Microsoft SQL Server\100\Tools\Binn\;c:\Program Files\Microsoft SQL Server\100\DTS\Binn\;c:\Program Files (x86)\Microsoft SQL Server\100\Tools\Binn\VSShell\Common7\IDE\;c:\Program Files (x86)\Microsoft SQL Server\1;C:\Program Files\TortoiseSVN\bin;c:\Program Files (x86)\Microsoft SQL Server\110\Tools\Binn\;c:\Program Files\Microsoft SQL Server\110\Tools\Binn\;c:\Program Files\Microsoft SQL Server\110\DTS\Binn\;c:\Program Files (x86)\Microsoft SQL Server\100\DTS\Binn\;c:\Program Files (x86)\Microsoft SQL Server\110\Tools\Binn\ManagementStudio\;c:\Program Files (x86)\Microsoft SQL Server\110\DTS\Binn\;C:\Program Files (x86)\Windows Kits\8.1\Windows Performance Toolkit\;C:\Program Files (x86)\Microsoft SDKs\TypeScript\1.0\;C:\Program Files\Microsoft SQL Server\120\Tools\Binn\;C:\Program Files (x86)\MiKTeX 2.9\miktex\bin\;C:\MinGW\bin;C:\MinGW\msys\1.0\bin;C:\Ruby22-x64\bin
USERNAME=Brendel Santos
OS=Windows_NT
PROCESSOR_IDENTIFIER=Intel64 Family 6 Model 58 Stepping 9, GenuineIntel



---------------  S Y S T E M  ---------------

OS: Windows 8 , 64 bit Build 9200 

CPU:total 4 (2 cores per cpu, 2 threads per core) family 6 model 58 stepping 9, cmov, cx8, fxsr, mmx, sse, sse2, sse3, ssse3, sse4.1, sse4.2, popcnt, avx, ht, tsc, tscinvbit, tscinv

Memory: 4k page, physical 6157592k(904572k free), swap 10765592k(5508k free)

vm_info: Java HotSpot(TM) 64-Bit Server VM (23.25-b01) for windows-amd64 JRE (1.7.0_25-b17), built on Jun 21 2013 12:58:32 by "java_re" with unknown MS VC++:1600

time: Thu May 05 00:20:28 2016
elapsed time: 17 seconds

